<?xml version="1.0" encoding="UTF-8"?>
<!-- Generated by org.testng.reporters.JUnitXMLReporter -->
<testsuite hostname="LAPTOP-30FJ9GPS" failures="0" tests="3" name="Chrome Test" time="28.316" errors="0" timestamp="30 May 2022 09:22:29 GMT">
  <testcase classname="com.Tutorial.testcases.YouTubeTest" name="checkVideoTitle" time="3.685"/>
  <testcase classname="com.Tutorial.testcases.YouTubeTest" name="checkVideoTitle" time="3.377"/>
  <testcase classname="com.Tutorial.testcases.YouTubeTest" name="checkVideoTitle" time="3.003"/>
</testsuite> <!-- Chrome Test -->
