<?xml version="1.0" encoding="UTF-8"?>
<testng-results total="1" passed="1" failed="0" skipped="0">
  <reporter-output>
  </reporter-output>
  <suite started-at="2022-05-30T14:48:03Z" name="Default suite" finished-at="2022-05-30T14:48:09Z" duration-ms="5816">
    <groups>
    </groups>
    <test started-at="2022-05-30T14:48:03Z" name="Default test" finished-at="2022-05-30T14:48:09Z" duration-ms="5816">
      <class name="com.Tutorial.testcases.ApiTest">
        <test-method signature="getRandomID()[pri:0, instance:com.Tutorial.testcases.ApiTest@7cb2651f]" started-at="2022-05-30T16:48:03Z" name="getRandomID" finished-at="2022-05-30T16:48:08Z" duration-ms="5606" status="PASS">
          <reporter-output>
          </reporter-output>
        </test-method> <!-- getRandomID -->
      </class> <!-- com.Tutorial.testcases.ApiTest -->
    </test> <!-- Default test -->
  </suite> <!-- Default suite -->
</testng-results>
